<?xml version="1.0" encoding="UTF-8"?>
<!-- Generated by org.testng.reporters.JUnitXMLReporter -->
<testsuite hostname="LAPTOP-QFH4B63G" ignored="0" name="AutorWebDriverTest_Editar_i" tests="1" failures="1" timestamp="09 jun 2018 17:19:20 GMT" time="6.778" errors="0">
  <testcase name="editarAutor" time="4.947" classname="pe.com.test.seleniumwd.AutorEditWebDriverTest">
    <failure type="java.lang.AssertionError" message="null">
      <![CDATA[java.lang.AssertionError: null
at pe.com.test.seleniumwd.AutorEditWebDriverTest.editarAutor(AutorEditWebDriverTest.java:63)
... Removed 27 stack frames]]>
    </failure>
  </testcase> <!-- editarAutor -->
</testsuite> <!-- AutorWebDriverTest_Editar_i -->
