<?xml version="1.0" encoding="UTF-8"?>
<!-- Generated by org.testng.reporters.JUnitXMLReporter -->
<testsuite hostname="LAPTOP-QFH4B63G" ignored="0" name="AutorWebDriverTest" tests="4" failures="4" timestamp="08 jun 2018 14:42:10 GMT" time="33.929" errors="0">
  <testcase name="insertarAutores" time="9.519" classname="pe.com.test.seleniumwd.AutorWebDriverTest">
    <failure type="java.lang.AssertionError" message="expected [By.xpath: /html/body/div/div/div[2]/form/div[1]/div] but found []">
      <![CDATA[java.lang.AssertionError: expected [By.xpath: /html/body/div/div/div[2]/form/div[1]/div] but found []
at pe.com.test.seleniumwd.AutorWebDriverTest.insertarAutores(AutorWebDriverTest.java:59)
... Removed 26 stack frames]]>
    </failure>
  </testcase> <!-- insertarAutores -->
  <testcase name="insertarAutores" time="6.806" classname="pe.com.test.seleniumwd.AutorWebDriverTest">
    <failure type="java.lang.AssertionError" message="expected [By.xpath: /html/body/div/div/div[2]/form/div[1]/div] but found [No puede estar vacío]">
      <![CDATA[java.lang.AssertionError: expected [By.xpath: /html/body/div/div/div[2]/form/div[1]/div] but found [No puede estar vacío]
at pe.com.test.seleniumwd.AutorWebDriverTest.insertarAutores(AutorWebDriverTest.java:59)
... Removed 26 stack frames]]>
    </failure>
  </testcase> <!-- insertarAutores -->
  <testcase name="insertarAutores" time="6.776" classname="pe.com.test.seleniumwd.AutorWebDriverTest">
    <failure type="java.lang.AssertionError" message="expected [By.xpath: /html/body/div/div/div[2]/form/div[1]/div] but found []">
      <![CDATA[java.lang.AssertionError: expected [By.xpath: /html/body/div/div/div[2]/form/div[1]/div] but found []
at pe.com.test.seleniumwd.AutorWebDriverTest.insertarAutores(AutorWebDriverTest.java:59)
... Removed 26 stack frames]]>
    </failure>
  </testcase> <!-- insertarAutores -->
  <testcase name="insertarAutores" time="6.834" classname="pe.com.test.seleniumwd.AutorWebDriverTest">
    <failure type="java.lang.AssertionError" message="expected [By.xpath: /html/body/div/div/div[2]/form/div[1]/div] but found []">
      <![CDATA[java.lang.AssertionError: expected [By.xpath: /html/body/div/div/div[2]/form/div[1]/div] but found []
at pe.com.test.seleniumwd.AutorWebDriverTest.insertarAutores(AutorWebDriverTest.java:59)
... Removed 26 stack frames]]>
    </failure>
  </testcase> <!-- insertarAutores -->
</testsuite> <!-- AutorWebDriverTest -->
