<?xml version="1.0" encoding="UTF-8"?>
<!-- Generated by org.testng.reporters.JUnitXMLReporter -->
<testsuite hostname="LAPTOP-QFH4B63G" ignored="0" name="AutorWebDriverTest_Editar" tests="1" failures="1" timestamp="08 jun 2018 14:42:28 GMT" time="18.481" errors="0">
  <testcase name="insertarAutores" time="15.813" classname="pe.com.test.seleniumwd.AutorEditWebDriverTest">
    <failure type="java.lang.AssertionError" message="expected [Autor Actualizado] but found []">
      <![CDATA[java.lang.AssertionError: expected [Autor Actualizado] but found []
at pe.com.test.seleniumwd.AutorEditWebDriverTest.insertarAutores(AutorEditWebDriverTest.java:60)
... Removed 26 stack frames]]>
    </failure>
  </testcase> <!-- insertarAutores -->
</testsuite> <!-- AutorWebDriverTest_Editar -->
