<?xml version="1.0" encoding="UTF-8"?>
<!-- Generated by org.testng.reporters.JUnitXMLReporter -->
<testsuite hostname="LAPTOP-QFH4B63G" name="AutorWebDriverTest" tests="7" failures="7" timestamp="1 Jun 2018 21:11:10 GMT" time="111.26" errors="0">
  <testcase name="insertarAutores" time="14.836" classname="pe.com.test.seleniumwd.AutorWebDriverTest">
    <failure type="java.lang.AssertionError" message="expected [By.xpath: /html/body/div/div/div[2]/form/div[1]/div] but found []">
      <![CDATA[java.lang.AssertionError: expected [By.xpath: /html/body/div/div/div[2]/form/div[1]/div] but found []
	at pe.com.test.seleniumwd.AutorWebDriverTest.insertarAutores(AutorWebDriverTest.java:59)
... Removed 25 stack frames]]>
    </failure>
  </testcase> <!-- insertarAutores -->
  <testcase name="insertarAutores" time="8.167" classname="pe.com.test.seleniumwd.AutorWebDriverTest">
    <failure type="java.lang.AssertionError" message="expected [By.xpath: /html/body/div/div/div[2]/form/div[1]/div] but found [No puede estar vacío]">
      <![CDATA[java.lang.AssertionError: expected [By.xpath: /html/body/div/div/div[2]/form/div[1]/div] but found [No puede estar vacío]
	at pe.com.test.seleniumwd.AutorWebDriverTest.insertarAutores(AutorWebDriverTest.java:59)
... Removed 25 stack frames]]>
    </failure>
  </testcase> <!-- insertarAutores -->
  <testcase name="insertarAutores" time="7.726" classname="pe.com.test.seleniumwd.AutorWebDriverTest">
    <failure type="java.lang.AssertionError" message="expected [By.xpath: /html/body/div/div/div[2]/form/div[1]/div] but found []">
      <![CDATA[java.lang.AssertionError: expected [By.xpath: /html/body/div/div/div[2]/form/div[1]/div] but found []
	at pe.com.test.seleniumwd.AutorWebDriverTest.insertarAutores(AutorWebDriverTest.java:59)
... Removed 25 stack frames]]>
    </failure>
  </testcase> <!-- insertarAutores -->
  <testcase name="insertarAutores" time="7.556" classname="pe.com.test.seleniumwd.AutorWebDriverTest">
    <failure type="java.lang.AssertionError" message="expected [By.xpath: /html/body/div/div/div[2]/form/div[1]/div] but found []">
      <![CDATA[java.lang.AssertionError: expected [By.xpath: /html/body/div/div/div[2]/form/div[1]/div] but found []
	at pe.com.test.seleniumwd.AutorWebDriverTest.insertarAutores(AutorWebDriverTest.java:59)
... Removed 25 stack frames]]>
    </failure>
  </testcase> <!-- insertarAutores -->
  <testcase name="insertarAutores" time="30.946" classname="pe.com.test.seleniumwd.LibroWebDriverTest">
    <failure type="java.lang.AssertionError" message="null">
      <![CDATA[java.lang.AssertionError: null
	at pe.com.test.seleniumwd.LibroWebDriverTest.insertarAutores(LibroWebDriverTest.java:62)
... Removed 26 stack frames]]>
    </failure>
  </testcase> <!-- insertarAutores -->
  <testcase name="insertarAutores" time="0.829" classname="pe.com.test.seleniumwd.LibroWebDriverTest">
    <failure type="java.lang.AssertionError" message="null">
      <![CDATA[java.lang.AssertionError: null
	at pe.com.test.seleniumwd.LibroWebDriverTest.insertarAutores(LibroWebDriverTest.java:62)
... Removed 26 stack frames]]>
    </failure>
  </testcase> <!-- insertarAutores -->
  <testcase name="insertarAutores" time="31.884" classname="pe.com.test.seleniumwd.LibroWebDriverTest">
    <failure type="org.testng.TestNGException" message="
The data provider is trying to pass 5 parameters but the method pe.com.test.seleniumwd.LibroWebDriverTest#insertarAutores takes 7 and TestNG is unable in inject a suitable object">
      <![CDATA[org.testng.TestNGException: 
The data provider is trying to pass 5 parameters but the method pe.com.test.seleniumwd.LibroWebDriverTest#insertarAutores takes 7 and TestNG is unable in inject a suitable object
Caused by: java.lang.ArrayIndexOutOfBoundsException: 5
	... 17 more
... Removed 19 stack frames]]>
    </failure>
  </testcase> <!-- insertarAutores -->
</testsuite> <!-- AutorWebDriverTest -->
