<?xml version="1.0" encoding="UTF-8"?>
<!-- Generated by org.testng.reporters.JUnitXMLReporter -->
<testsuite hostname="LAPTOP-QFH4B63G" name="CategoriaWebDriverTest" tests="3" failures="3" timestamp="28 May 2018 15:17:03 GMT" time="80.359" errors="0">
  <testcase name="insertarAutores" time="52.379" classname="pe.com.test.seleniumwd.CategoriaWebDriverTest">
    <failure type="java.lang.AssertionError" message="null">
      <![CDATA[java.lang.AssertionError: null
	at pe.com.test.seleniumwd.CategoriaWebDriverTest.insertarAutores(CategoriaWebDriverTest.java:63)
... Removed 26 stack frames]]>
    </failure>
  </testcase> <!-- insertarAutores -->
  <testcase name="insertarAutores" time="10.963" classname="pe.com.test.seleniumwd.CategoriaWebDriverTest">
    <failure type="java.lang.AssertionError" message="null">
      <![CDATA[java.lang.AssertionError: null
	at pe.com.test.seleniumwd.CategoriaWebDriverTest.insertarAutores(CategoriaWebDriverTest.java:63)
... Removed 26 stack frames]]>
    </failure>
  </testcase> <!-- insertarAutores -->
  <testcase name="insertarAutores" time="63.59" classname="pe.com.test.seleniumwd.CategoriaWebDriverTest">
    <failure type="org.testng.TestNGException" message="
The data provider is trying to pass 5 parameters but the method pe.com.test.seleniumwd.CategoriaWebDriverTest#insertarAutores takes 6 and TestNG is unable in inject a suitable object">
      <![CDATA[org.testng.TestNGException: 
The data provider is trying to pass 5 parameters but the method pe.com.test.seleniumwd.CategoriaWebDriverTest#insertarAutores takes 6 and TestNG is unable in inject a suitable object
Caused by: java.lang.ArrayIndexOutOfBoundsException: 5
	... 17 more
... Removed 19 stack frames]]>
    </failure>
  </testcase> <!-- insertarAutores -->
</testsuite> <!-- CategoriaWebDriverTest -->
