<!DOCTYPE html PUBLIC "-//W3C//DTD XHTML 1.1//EN" "http://www.w3.org/TR/xhtml11/DTD/xhtml11.dtd">
<html xmlns="http://www.w3.org/1999/xhtml"><head><title>TestNG Report</title><style type="text/css">table {margin-bottom:10px;border-collapse:collapse;empty-cells:show}th,td {border:1px solid #009;padding:.25em .5em}th {vertical-align:bottom}td {vertical-align:top}table a {font-weight:bold}.stripe td {background-color: #E6EBF9}.num {text-align:right}.passedodd td {background-color: #3F3}.passedeven td {background-color: #0A0}.skippedodd td {background-color: #DDD}.skippedeven td {background-color: #CCC}.failedodd td,.attn {background-color: #F33}.failedeven td,.stripe .attn {background-color: #D00}.stacktrace {white-space:pre;font-family:monospace}.totop {font-size:85%;text-align:center;border-bottom:2px solid #000}</style></head><body><table><tr><th>Test</th><th># Passed</th><th># Skipped</th><th># Failed</th><th>Time (ms)</th><th>Included Groups</th><th>Excluded Groups</th></tr><tr><th colspan="7">VisorTestSuite</th></tr><tr><td><a href="#t0">AutorWebDriverTest</a></td><td class="num">0</td><td class="num">0</td><td class="num attn">7</td><td class="num">111.260</td><td></td><td></td></tr></table><table><thead><tr><th>Class</th><th>Method</th><th>Start</th><th>Time (ms)</th></tr></thead><tbody><tr><th colspan="4">VisorTestSuite</th></tr></tbody><tbody id="t0"><tr><th colspan="4">AutorWebDriverTest &#8212; failed</th></tr><tr class="failedeven"><td rowspan="4">pe.com.test.seleniumwd.AutorWebDriverTest</td><td><a href="#m0">insertarAutores</a></td><td rowspan="4">1527887397955</td><td rowspan="4">14836</td></tr><tr class="failedeven"><td><a href="#m1">insertarAutores</a></td></tr><tr class="failedeven"><td><a href="#m2">insertarAutores</a></td></tr><tr class="failedeven"><td><a href="#m3">insertarAutores</a></td></tr><tr class="failedodd"><td rowspan="3">pe.com.test.seleniumwd.LibroWebDriverTest</td><td><a href="#m4">insertarAutores</a></td><td rowspan="3">1527887436354</td><td rowspan="3">30946</td></tr><tr class="failedodd"><td><a href="#m5">insertarAutores</a></td></tr><tr class="failedodd"><td><a href="#m6">insertarAutores</a></td></tr></tbody></table><h2>AutorWebDriverTest</h2><h3 id="m0">pe.com.test.seleniumwd.AutorWebDriverTest#insertarAutores</h3><table class="result"><tr class="param"><th>Parameter #1</th><th>Parameter #2</th><th>Parameter #3</th><th>Parameter #4</th><th>Parameter #5</th><th>Parameter #6</th><th>Parameter #7</th><th>Parameter #8</th><th>Parameter #9</th></tr><tr class="param stripe"><td>usuario@correo.com</td><td>456</td><td>NombrePrueba</td><td>ApellidoPrueba</td><td>NacionalidadPrueba</td><td>Autor agregado correctamente</td><td></td><td></td><td></td></tr><tr><th colspan="9">Exception</th></tr><tr><td colspan="9"><div class="stacktrace">java.lang.AssertionError: expected [By.xpath: /html/body/div/div/div[2]/form/div[1]/div] but found []
	at pe.com.test.seleniumwd.AutorWebDriverTest.insertarAutores(AutorWebDriverTest.java:59)
... Removed 25 stack frames</div></td></tr></table><p class="totop"><a href="#summary">back to summary</a></p><h3 id="m1">pe.com.test.seleniumwd.AutorWebDriverTest#insertarAutores</h3><table class="result"><tr class="param"><th>Parameter #1</th><th>Parameter #2</th><th>Parameter #3</th><th>Parameter #4</th><th>Parameter #5</th><th>Parameter #6</th><th>Parameter #7</th><th>Parameter #8</th><th>Parameter #9</th></tr><tr class="param stripe"><td>usuario@correo.com</td><td>456</td><td>NombrePrueba</td><td></td><td>NacionalidadPrueba</td><td></td><td></td><td>No puede estar en blanco</td><td></td></tr><tr><th colspan="9">Exception</th></tr><tr><td colspan="9"><div class="stacktrace">java.lang.AssertionError: expected [By.xpath: /html/body/div/div/div[2]/form/div[1]/div] but found []
	at pe.com.test.seleniumwd.AutorWebDriverTest.insertarAutores(AutorWebDriverTest.java:59)
... Removed 25 stack frames</div></td></tr></table><p class="totop"><a href="#summary">back to summary</a></p><h3 id="m2">pe.com.test.seleniumwd.AutorWebDriverTest#insertarAutores</h3><table class="result"><tr class="param"><th>Parameter #1</th><th>Parameter #2</th><th>Parameter #3</th><th>Parameter #4</th><th>Parameter #5</th><th>Parameter #6</th><th>Parameter #7</th><th>Parameter #8</th><th>Parameter #9</th></tr><tr class="param stripe"><td>usuario@correo.com</td><td>456</td><td></td><td>ApellidoPrueba</td><td>NacionalidadPrueba</td><td></td><td>No puede estar vacío</td><td></td><td></td></tr><tr><th colspan="9">Exception</th></tr><tr><td colspan="9"><div class="stacktrace">java.lang.AssertionError: expected [By.xpath: /html/body/div/div/div[2]/form/div[1]/div] but found [No puede estar vacío]
	at pe.com.test.seleniumwd.AutorWebDriverTest.insertarAutores(AutorWebDriverTest.java:59)
... Removed 25 stack frames</div></td></tr></table><p class="totop"><a href="#summary">back to summary</a></p><h3 id="m3">pe.com.test.seleniumwd.AutorWebDriverTest#insertarAutores</h3><table class="result"><tr class="param"><th>Parameter #1</th><th>Parameter #2</th><th>Parameter #3</th><th>Parameter #4</th><th>Parameter #5</th><th>Parameter #6</th><th>Parameter #7</th><th>Parameter #8</th><th>Parameter #9</th></tr><tr class="param stripe"><td>usuario@correo.com</td><td>456</td><td>NombrePrueba</td><td>ApellidoPrueba</td><td></td><td></td><td></td><td></td><td>el tamaño tiene que estar entre 4 y 100</td></tr><tr><th colspan="9">Exception</th></tr><tr><td colspan="9"><div class="stacktrace">java.lang.AssertionError: expected [By.xpath: /html/body/div/div/div[2]/form/div[1]/div] but found []
	at pe.com.test.seleniumwd.AutorWebDriverTest.insertarAutores(AutorWebDriverTest.java:59)
... Removed 25 stack frames</div></td></tr></table><p class="totop"><a href="#summary">back to summary</a></p><h3 id="m4">pe.com.test.seleniumwd.LibroWebDriverTest#insertarAutores</h3><table class="result"><tr class="param"><th>Parameter #1</th><th>Parameter #2</th><th>Parameter #3</th><th>Parameter #4</th><th>Parameter #5</th><th>Parameter #6</th><th>Parameter #7</th></tr><tr class="param stripe"><td>usuario@correo.com</td><td>456</td><td>tituloPrueba</td><td>50</td><td>13-400491-0</td><td>sinopsis de prueba</td><td>Libro agregado</td></tr><tr><th colspan="7">Exception</th></tr><tr><td colspan="7"><div class="stacktrace">java.lang.AssertionError: null
	at pe.com.test.seleniumwd.LibroWebDriverTest.insertarAutores(LibroWebDriverTest.java:62)
... Removed 26 stack frames</div></td></tr></table><p class="totop"><a href="#summary">back to summary</a></p><h3 id="m5">pe.com.test.seleniumwd.LibroWebDriverTest#insertarAutores</h3><table class="result"><tr><th>Exception</th></tr><tr><td><div class="stacktrace">org.testng.TestNGException: 
The data provider is trying to pass 5 parameters but the method pe.com.test.seleniumwd.LibroWebDriverTest#insertarAutores takes 7 and TestNG is unable in inject a suitable object
Caused by: java.lang.ArrayIndexOutOfBoundsException: 5
	... 17 more
... Removed 19 stack frames</div></td></tr></table><p class="totop"><a href="#summary">back to summary</a></p><h3 id="m6">pe.com.test.seleniumwd.LibroWebDriverTest#insertarAutores</h3><table class="result"><tr class="param"><th>Parameter #1</th><th>Parameter #2</th><th>Parameter #3</th><th>Parameter #4</th><th>Parameter #5</th><th>Parameter #6</th><th>Parameter #7</th></tr><tr class="param stripe"><td>usuario@correo.com</td><td>456</td><td>TituloPrueba</td><td>50</td><td>13-400491-1</td><td></td><td></td></tr><tr><th colspan="7">Exception</th></tr><tr><td colspan="7"><div class="stacktrace">java.lang.AssertionError: null
	at pe.com.test.seleniumwd.LibroWebDriverTest.insertarAutores(LibroWebDriverTest.java:62)
... Removed 26 stack frames</div></td></tr></table><p class="totop"><a href="#summary">back to summary</a></p></body></html>